E:\PTAM_STEREO-MASTER2\PTAM_STEREO-MASTER\PTAM-OPENCV\BUILD\WIN32\X64\RELEASE\MAP.OBJ
E:\PTAM_STEREO-MASTER2\PTAM_STEREO-MASTER\PTAM-OPENCV\BUILD\WIN32\X64\RELEASE\MAIN.OBJ
E:\PTAM_STEREO-MASTER2\PTAM_STEREO-MASTER\PTAM-OPENCV\BUILD\WIN32\X64\RELEASE\KEYFRAME.OBJ
E:\PTAM_STEREO-MASTER2\PTAM_STEREO-MASTER\PTAM-OPENCV\BUILD\WIN32\X64\RELEASE\HOMOGRAPHYINIT.OBJ
E:\PTAM_STEREO-MASTER2\PTAM_STEREO-MASTER\PTAM-OPENCV\BUILD\WIN32\X64\RELEASE\GLWINDOWMENU.OBJ
E:\PTAM_STEREO-MASTER2\PTAM_STEREO-MASTER\PTAM-OPENCV\BUILD\WIN32\X64\RELEASE\GLWINDOW2.OBJ
E:\PTAM_STEREO-MASTER2\PTAM_STEREO-MASTER\PTAM-OPENCV\BUILD\WIN32\X64\RELEASE\EYEGAME.OBJ
E:\PTAM_STEREO-MASTER2\PTAM_STEREO-MASTER\PTAM-OPENCV\BUILD\WIN32\X64\RELEASE\CAMERAPARAMETERS.OBJ
E:\PTAM_STEREO-MASTER2\PTAM_STEREO-MASTER\PTAM-OPENCV\BUILD\WIN32\X64\RELEASE\BUNDLE.OBJ
E:\PTAM_STEREO-MASTER2\PTAM_STEREO-MASTER\PTAM-OPENCV\BUILD\WIN32\X64\RELEASE\ATANCAMERA.OBJ
E:\PTAM_STEREO-MASTER2\PTAM_STEREO-MASTER\PTAM-OPENCV\BUILD\WIN32\X64\RELEASE\ARDRIVER.OBJ
E:\PTAM_STEREO-MASTER2\PTAM_STEREO-MASTER\PTAM-OPENCV\BUILD\WIN32\X64\RELEASE\VMDMOTION.OBJ
E:\PTAM_STEREO-MASTER2\PTAM_STEREO-MASTER\PTAM-OPENCV\BUILD\WIN32\X64\RELEASE\VMDBEZIER.OBJ
E:\PTAM_STEREO-MASTER2\PTAM_STEREO-MASTER\PTAM-OPENCV\BUILD\WIN32\X64\RELEASE\VECMATQUAT.OBJ
E:\PTAM_STEREO-MASTER2\PTAM_STEREO-MASTER\PTAM-OPENCV\BUILD\WIN32\X64\RELEASE\TEXTURELIST.OBJ
E:\PTAM_STEREO-MASTER2\PTAM_STEREO-MASTER\PTAM-OPENCV\BUILD\WIN32\X64\RELEASE\PMDMODEL.OBJ
E:\PTAM_STEREO-MASTER2\PTAM_STEREO-MASTER\PTAM-OPENCV\BUILD\WIN32\X64\RELEASE\PMDIK.OBJ
E:\PTAM_STEREO-MASTER2\PTAM_STEREO-MASTER\PTAM-OPENCV\BUILD\WIN32\X64\RELEASE\PMDFACE.OBJ
E:\PTAM_STEREO-MASTER2\PTAM_STEREO-MASTER\PTAM-OPENCV\BUILD\WIN32\X64\RELEASE\PMDBONE.OBJ
E:\PTAM_STEREO-MASTER2\PTAM_STEREO-MASTER\PTAM-OPENCV\BUILD\WIN32\X64\RELEASE\MOTIONPLAYER.OBJ
E:\PTAM_STEREO-MASTER2\PTAM_STEREO-MASTER\PTAM-OPENCV\BUILD\WIN32\X64\RELEASE\VIDEOSOURCE_LINUX_OPENCV.OBJ
E:\PTAM_STEREO-MASTER2\PTAM_STEREO-MASTER\PTAM-OPENCV\BUILD\WIN32\X64\RELEASE\TRACKER.OBJ
E:\PTAM_STEREO-MASTER2\PTAM_STEREO-MASTER\PTAM-OPENCV\BUILD\WIN32\X64\RELEASE\SYSTEM.OBJ
E:\PTAM_STEREO-MASTER2\PTAM_STEREO-MASTER\PTAM-OPENCV\BUILD\WIN32\X64\RELEASE\SMALLBLURRYIMAGE.OBJ
E:\PTAM_STEREO-MASTER2\PTAM_STEREO-MASTER\PTAM-OPENCV\BUILD\WIN32\X64\RELEASE\SHITOMASI.OBJ
E:\PTAM_STEREO-MASTER2\PTAM_STEREO-MASTER\PTAM-OPENCV\BUILD\WIN32\X64\RELEASE\RELOCALISER.OBJ
E:\PTAM_STEREO-MASTER2\PTAM_STEREO-MASTER\PTAM-OPENCV\BUILD\WIN32\X64\RELEASE\PTAM_AR_DLL.OBJ
E:\PTAM_STEREO-MASTER2\PTAM_STEREO-MASTER\PTAM-OPENCV\BUILD\WIN32\X64\RELEASE\PATCHFINDER.OBJ
E:\PTAM_STEREO-MASTER2\PTAM_STEREO-MASTER\PTAM-OPENCV\BUILD\WIN32\X64\RELEASE\MINIPATCH.OBJ
E:\PTAM_STEREO-MASTER2\PTAM_STEREO-MASTER\PTAM-OPENCV\BUILD\WIN32\X64\RELEASE\MIKU.OBJ
E:\PTAM_STEREO-MASTER2\PTAM_STEREO-MASTER\PTAM-OPENCV\BUILD\WIN32\X64\RELEASE\MAPVIEWER.OBJ
E:\PTAM_STEREO-MASTER2\PTAM_STEREO-MASTER\PTAM-OPENCV\BUILD\WIN32\X64\RELEASE\MAPPOINT.OBJ
E:\PTAM_STEREO-MASTER2\PTAM_STEREO-MASTER\PTAM-OPENCV\BUILD\WIN32\X64\RELEASE\MAPMAKER.OBJ
E:\PTAM_STEREO-MASTER2\PTAM_STEREO-MASTER\PTAM-OPENCV\BUILD\WIN32\X64\RELEASE\VC110.PDB
E:\PTAM_stereo-master2\PTAM_stereo-master\PTAM-opencv\Build\Win32\x64\Release\ARDriver.obj
E:\PTAM_stereo-master2\PTAM_stereo-master\PTAM-opencv\Build\Win32\x64\Release\ATANCamera.obj
E:\PTAM_stereo-master2\PTAM_stereo-master\PTAM-opencv\Build\Win32\x64\Release\Bundle.obj
E:\PTAM_stereo-master2\PTAM_stereo-master\PTAM-opencv\Build\Win32\x64\Release\cameraparameters.obj
E:\PTAM_stereo-master2\PTAM_stereo-master\PTAM-opencv\Build\Win32\x64\Release\EyeGame.obj
E:\PTAM_stereo-master2\PTAM_stereo-master\PTAM-opencv\Build\Win32\x64\Release\GLWindow2.obj
E:\PTAM_stereo-master2\PTAM_stereo-master\PTAM-opencv\Build\Win32\x64\Release\GLWindowMenu.obj
E:\PTAM_stereo-master2\PTAM_stereo-master\PTAM-opencv\Build\Win32\x64\Release\HomographyInit.obj
E:\PTAM_stereo-master2\PTAM_stereo-master\PTAM-opencv\Build\Win32\x64\Release\KeyFrame.obj
E:\PTAM_stereo-master2\PTAM_stereo-master\PTAM-opencv\Build\Win32\x64\Release\main.obj
E:\PTAM_stereo-master2\PTAM_stereo-master\PTAM-opencv\Build\Win32\x64\Release\Map.obj
E:\PTAM_stereo-master2\PTAM_stereo-master\PTAM-opencv\Build\Win32\x64\Release\MapMaker.obj
E:\PTAM_stereo-master2\PTAM_stereo-master\PTAM-opencv\Build\Win32\x64\Release\MapPoint.obj
E:\PTAM_stereo-master2\PTAM_stereo-master\PTAM-opencv\Build\Win32\x64\Release\MapViewer.obj
E:\PTAM_stereo-master2\PTAM_stereo-master\PTAM-opencv\Build\Win32\x64\Release\miku.obj
E:\PTAM_stereo-master2\PTAM_stereo-master\PTAM-opencv\Build\Win32\x64\Release\MiniPatch.obj
E:\PTAM_stereo-master2\PTAM_stereo-master\PTAM-opencv\Build\Win32\x64\Release\MotionPlayer.obj
E:\PTAM_stereo-master2\PTAM_stereo-master\PTAM-opencv\Build\Win32\x64\Release\PatchFinder.obj
E:\PTAM_stereo-master2\PTAM_stereo-master\PTAM-opencv\Build\Win32\x64\Release\PMDBone.obj
E:\PTAM_stereo-master2\PTAM_stereo-master\PTAM-opencv\Build\Win32\x64\Release\PMDFace.obj
E:\PTAM_stereo-master2\PTAM_stereo-master\PTAM-opencv\Build\Win32\x64\Release\PMDIK.obj
E:\PTAM_stereo-master2\PTAM_stereo-master\PTAM-opencv\Build\Win32\x64\Release\PMDModel.obj
E:\PTAM_stereo-master2\PTAM_stereo-master\PTAM-opencv\Build\Win32\x64\Release\PTAM_AR_dll.obj
E:\PTAM_stereo-master2\PTAM_stereo-master\PTAM-opencv\Build\Win32\x64\Release\Relocaliser.obj
E:\PTAM_stereo-master2\PTAM_stereo-master\PTAM-opencv\Build\Win32\x64\Release\ShiTomasi.obj
E:\PTAM_stereo-master2\PTAM_stereo-master\PTAM-opencv\Build\Win32\x64\Release\SmallBlurryImage.obj
E:\PTAM_stereo-master2\PTAM_stereo-master\PTAM-opencv\Build\Win32\x64\Release\System.obj
E:\PTAM_stereo-master2\PTAM_stereo-master\PTAM-opencv\Build\Win32\x64\Release\TextureList.obj
E:\PTAM_stereo-master2\PTAM_stereo-master\PTAM-opencv\Build\Win32\x64\Release\Tracker.obj
E:\PTAM_stereo-master2\PTAM_stereo-master\PTAM-opencv\Build\Win32\x64\Release\VecMatQuat.obj
E:\PTAM_stereo-master2\PTAM_stereo-master\PTAM-opencv\Build\Win32\x64\Release\VideoSource_Linux_OpenCV.obj
E:\PTAM_stereo-master2\PTAM_stereo-master\PTAM-opencv\Build\Win32\x64\Release\VMDBezier.obj
E:\PTAM_stereo-master2\PTAM_stereo-master\PTAM-opencv\Build\Win32\x64\Release\VMDMotion.obj
E:\PTAM_stereo-master2\PTAM_stereo-master\PTAM-opencv\Build\Win32\x64\Release\cl.command.1.tlog
E:\PTAM_stereo-master2\PTAM_stereo-master\PTAM-opencv\Build\Win32\x64\Release\CL.read.1.tlog
E:\PTAM_stereo-master2\PTAM_stereo-master\PTAM-opencv\Build\Win32\x64\Release\CL.write.1.tlog
E:\PTAM_stereo-master2\PTAM_stereo-master\PTAM-opencv\Build\Win32\x64\Release\link.command.1.tlog
E:\PTAM_stereo-master2\PTAM_stereo-master\PTAM-opencv\Build\Win32\x64\Release\link.read.1.tlog
E:\PTAM_stereo-master2\PTAM_stereo-master\PTAM-opencv\Build\Win32\x64\Release\vc110.pdb
E:\PTAM_stereo-master2\PTAM_stereo-master\PTAM-opencv\Build\Win32\.\exe\PTAM.exe
